2024-05-21 15:16:51,604 INFO setting rigctld listener to nonblocking
2024-05-21 15:16:51,604 INFO setting rigctld listener to reuse addr
2024-05-21 15:16:51,604 INFO rigctld listening on port 4532
2024-05-21 15:17:29,790 INFO setting rigctld listener to nonblocking
2024-05-21 15:17:29,790 INFO setting rigctld listener to reuse addr
2024-05-21 15:17:29,790 INFO rigctld listening on port 4532
2024-05-21 15:18:11,643 INFO setting rigctld listener to nonblocking
2024-05-21 15:18:11,644 INFO setting rigctld listener to reuse addr
2024-05-21 15:18:11,644 INFO rigctld listening on port 4532
2024-05-21 15:18:11,761 INFO cwdaemon connected to port /dev/icom7300
2024-05-21 15:18:11,941 INFO rigctld device connected (/dev/icom7300)
2024-05-21 15:18:33,154 INFO [c:14] rigctld client connected from 127.0.0.1:1186
2024-05-21 15:18:33,155 DEBUG [c:14] >> \get_powerstat
2024-05-21 15:18:33,157 DEBUG [c:14] << 1
2024-05-21 15:18:33,157 DEBUG [c:14] >> \chk_vfo
2024-05-21 15:18:33,157 DEBUG [c:14] << 0
2024-05-21 15:18:33,157 DEBUG [c:14] >> \dump_state
2024-05-21 15:18:33,157 DEBUG [c:14] << 1
3073
0
30000.000000 74800000.000000 0x401dbf -1 -1 0x10000003 0x0
0 0 0 0 0 0 0
1810000.000000 2000000.000000 0x1be 2000 100000 0x10000003 0x1
3500000.000000 3800000.000000 0x1be 2000 100000 0x10000003 0x1
7000000.000000 7200000.000000 0x1be 2000 100000 0x10000003 0x1
10100000.000000 10150000.000000 0x1be 2000 100000 0x10000003 0x1
14000000.000000 14350000.000000 0x1be 2000 100000 0x10000003 0x1
18068000.000000 18168000.000000 0x1be 2000 100000 0x10000003 0x1
21000000.000000 21450000.000000 0x1be 2000 100000 0x10000003 0x1
24890000.000000 24990000.000000 0x1be 2000 100000 0x10000003 0x1
28000000.000000 29700000.000000 0x1be 2000 100000 0x10000003 0x1
5351500.000000 5366500.000000 0x1be 2000 100000 0x10000003 0x1
50000000.000000 54000000.000000 0x1be 2000 100000 0x10000003 0x1
70000000.000000 70500000.000000 0x1be 2000 50000 0x10000003 0x1
1810000.000000 2000000.000000 0x400001 1000 25000 0x10000003 0x1
3500000.000000 3800000.000000 0x400001 1000 25000 0x10000003 0x1
7000000.000000 7200000.000000 0x400001 1000 25000 0x10000003 0x1
10100000.000000 10150000.000000 0x400001 1000 25000 0x10000003 0x1
14000000.000000 14350000.000000 0x400001 1000 25000 0x10000003 0x1
18068000.000000 18168000.000000 0x400001 1000 25000 0x10000003 0x1
21000000.000000 21450000.000000 0x400001 1000 25000 0x10000003 0x1
24890000.000000 24990000.000000 0x400001 1000 25000 0x10000003 0x1
28000000.000000 29700000.000000 0x400001 1000 25000 0x10000003 0x1
5351500.000000 5366500.000000 0x400001 1000 25000 0x10000003 0x1
50000000.000000 54000000.000000 0x400001 1000 25000 0x10000003 0x1
70000000.000000 70500000.000000 0x400001 1000 12500 0x10000003 0x1
0 0 0 0 0 0 0
0x401dbf 1
0x401dbf 1000
0x401dbf 5000
0x401dbf 9000
0x401dbf 10000
0x401dbf 12500
0x401dbf 20000
0x401dbf 25000
0 0
0xc0c 2400
0xc0c 1800
0xc0c 3000
0x192 500
0x192 250
0x82 1200
0x110 2400
0x400001 6000
0x400001 3000
0x400001 9000
0x1020 10000
0x1020 7000
0x1020 15000
0 0
9999
9999
0
0
1 2 
20 
0xfc00c90133fe
0xfc00c90133fe
0xc7fff74677f3f
0xc7f7000677f3f
0x35
0x35
vfo_ops=0x81f
ptt_type=0x1
targetable_vfo=0x3
has_set_vfo=1
has_get_vfo=0
has_set_freq=1
has_get_freq=1
has_set_conf=1
has_get_conf=1
has_power2mW=1
has_mW2power=1
timeout=1000
rig_model=3073
rigctld_version=Hamlib 4.5.5 Apr 05 11:43:08Z 2023 SHA=6eecd3
agc_levels=0=OFF 1=FAST 2=MEDIUM 3=SLOW
ctcss_list= 60.0 67.0 69.3 71.9 74.4 77.0 79.7 82.5 85.4 88.5 91.5 94.8 97.4 100.0 103.5 107.2 110.9 114.8 118.8 120.0 123.0 127.3 131.8 136.5 141.3 146.2 151.4 156.7 159.8 162.2 165.5 167.9 171.3 173.8 177.3 179.9 183.5 186.2 189.9 192.8 196.6 199.5 203.5 206.5 210.7 218.1 225.7 229.1 233.6 241.8 250.3 254.1
done
2024-05-21 15:18:33,166 DEBUG [c:14] >> f
2024-05-21 15:18:33,166 DEBUG [c:14] << 18100000.000000
2024-05-21 15:18:33,166 DEBUG [c:14] >> f
2024-05-21 15:18:33,166 DEBUG [c:14] << 18100000.000000
2024-05-21 15:18:33,166 DEBUG [c:14] >> s
2024-05-21 15:18:33,168 DEBUG [c:14] << 0
VFOA
2024-05-21 15:18:33,168 DEBUG [c:14] >> m
2024-05-21 15:18:33,172 DEBUG [c:14] << PKTUSB
3000
2024-05-21 15:18:33,172 DEBUG [c:14] >> V VFOB
2024-05-21 15:18:33,176 DEBUG [c:14] << RPRT 0
2024-05-21 15:18:33,177 DEBUG [c:14] >> f
2024-05-21 15:18:33,177 DEBUG [c:14] << 14004450.000000
2024-05-21 15:18:33,177 DEBUG [c:14] >> m
2024-05-21 15:18:33,181 DEBUG [c:14] << CW
250
2024-05-21 15:18:33,181 DEBUG [c:14] >> V VFOA
2024-05-21 15:18:33,186 DEBUG [c:14] << RPRT 0
2024-05-21 15:18:33,186 DEBUG [c:14] >> f
2024-05-21 15:18:33,186 DEBUG [c:14] << 18100000.000000
2024-05-21 15:18:33,186 DEBUG [c:14] >> F 18100055.000000
2024-05-21 15:18:33,241 DEBUG [c:14] << RPRT 0
2024-05-21 15:18:33,241 DEBUG [c:14] >> f
2024-05-21 15:18:33,241 DEBUG [c:14] << 18100055.000000
2024-05-21 15:18:33,241 DEBUG [c:14] >> F 18100000.000000
2024-05-21 15:18:33,294 DEBUG [c:14] << RPRT 0
2024-05-21 15:18:33,294 DEBUG [c:14] >> s
2024-05-21 15:18:33,296 DEBUG [c:14] << 0
VFOA
2024-05-21 15:18:33,296 DEBUG [c:14] >> m
2024-05-21 15:18:33,300 DEBUG [c:14] << PKTUSB
3000
2024-05-21 15:18:33,300 DEBUG [c:14] >> t
2024-05-21 15:18:33,302 DEBUG [c:14] << 0
2024-05-21 15:18:34,353 DEBUG [c:14] >> s
2024-05-21 15:18:34,355 DEBUG [c:14] << 0
VFOA
2024-05-21 15:18:34,355 DEBUG [c:14] >> f
2024-05-21 15:18:34,357 DEBUG [c:14] << 18100000.000000
2024-05-21 15:18:34,358 DEBUG [c:14] >> m
2024-05-21 15:18:34,362 DEBUG [c:14] << PKTUSB
3000
2024-05-21 15:18:34,362 DEBUG [c:14] >> t
2024-05-21 15:18:34,364 DEBUG [c:14] << 0
2024-05-21 15:18:35,402 DEBUG [c:14] >> s
2024-05-21 15:18:35,404 DEBUG [c:14] << 0
VFOA
2024-05-21 15:18:35,405 DEBUG [c:14] >> f
2024-05-21 15:18:35,407 DEBUG [c:14] << 18100000.000000
2024-05-21 15:18:35,408 DEBUG [c:14] >> m
2024-05-21 15:18:35,411 DEBUG [c:14] << PKTUSB
3000
2024-05-21 15:18:35,412 DEBUG [c:14] >> t
2024-05-21 15:18:35,414 DEBUG [c:14] << 0
2024-05-21 15:18:36,453 DEBUG [c:14] >> s
2024-05-21 15:18:36,455 DEBUG [c:14] << 0
VFOA
2024-05-21 15:18:36,455 DEBUG [c:14] >> f
2024-05-21 15:18:36,457 DEBUG [c:14] << 18100000.000000
2024-05-21 15:18:36,458 DEBUG [c:14] >> m
2024-05-21 15:18:36,462 DEBUG [c:14] << PKTUSB
3000
2024-05-21 15:18:36,462 DEBUG [c:14] >> t
2024-05-21 15:18:36,464 DEBUG [c:14] << 0
2024-05-21 15:18:37,503 DEBUG [c:14] >> s
2024-05-21 15:18:37,505 DEBUG [c:14] << 0
VFOA
2024-05-21 15:18:37,505 DEBUG [c:14] >> f
2024-05-21 15:18:37,507 DEBUG [c:14] << 18100000.000000
2024-05-21 15:18:37,508 DEBUG [c:14] >> m
2024-05-21 15:18:37,512 DEBUG [c:14] << PKTUSB
3000
2024-05-21 15:18:37,512 DEBUG [c:14] >> t
2024-05-21 15:18:37,513 DEBUG [c:14] << 0
2024-05-21 15:18:38,511 DEBUG [c:14] >> s
2024-05-21 15:18:38,513 DEBUG [c:14] << 0
VFOA
2024-05-21 15:18:38,513 DEBUG [c:14] >> f
2024-05-21 15:18:38,515 DEBUG [c:14] << 18100000.000000
2024-05-21 15:18:38,515 DEBUG [c:14] >> m
2024-05-21 15:18:38,519 DEBUG [c:14] << PKTUSB
3000
2024-05-21 15:18:38,520 DEBUG [c:14] >> t
2024-05-21 15:18:38,522 DEBUG [c:14] << 0
2024-05-21 15:18:39,511 DEBUG [c:14] >> s
2024-05-21 15:18:39,513 DEBUG [c:14] << 0
VFOA
2024-05-21 15:18:39,513 DEBUG [c:14] >> f
2024-05-21 15:18:39,515 DEBUG [c:14] << 18100000.000000
2024-05-21 15:18:39,516 DEBUG [c:14] >> m
2024-05-21 15:18:39,520 DEBUG [c:14] << PKTUSB
3000
2024-05-21 15:18:39,520 DEBUG [c:14] >> t
2024-05-21 15:18:39,522 DEBUG [c:14] << 0
2024-05-21 15:18:40,512 DEBUG [c:14] >> s
2024-05-21 15:18:40,514 DEBUG [c:14] << 0
VFOA
2024-05-21 15:18:40,514 DEBUG [c:14] >> f
2024-05-21 15:18:40,516 DEBUG [c:14] << 18100000.000000
2024-05-21 15:18:40,517 DEBUG [c:14] >> m
2024-05-21 15:18:40,521 DEBUG [c:14] << PKTUSB
3000
2024-05-21 15:18:40,521 DEBUG [c:14] >> t
2024-05-21 15:18:40,523 DEBUG [c:14] << 0
